0 info it worked if it ends with ok
1 verbose cli [ 'node', '/usr/local/bin/npm', 'publish' ]
2 info using npm@2.5.1
3 info using node@v0.12.0
4 verbose publish [ '.' ]
5 silly cache add args [ '.', null ]
6 verbose cache add spec .
7 silly cache add parsed spec { raw: '.',
7 silly cache add   scope: null,
7 silly cache add   name: null,
7 silly cache add   rawSpec: '.',
7 silly cache add   spec: '/Users/gochinj/ws/noinfopath/noinfopath-forms',
7 silly cache add   type: 'directory' }
8 verbose addLocalDirectory /Users/gochinj/.npm/noinfopath-forms/0.0.8/package.tgz not in flight; packing
9 verbose tar pack [ '/Users/gochinj/.npm/noinfopath-forms/0.0.8/package.tgz',
9 verbose tar pack   '/Users/gochinj/ws/noinfopath/noinfopath-forms' ]
10 verbose tarball /Users/gochinj/.npm/noinfopath-forms/0.0.8/package.tgz
11 verbose folder /Users/gochinj/ws/noinfopath/noinfopath-forms
12 info prepublish noinfopath-forms@0.0.8
13 verbose addLocalTarball adding from inside cache /Users/gochinj/.npm/noinfopath-forms/0.0.8/package.tgz
14 silly cache afterAdd noinfopath-forms@0.0.8
15 verbose afterAdd /Users/gochinj/.npm/noinfopath-forms/0.0.8/package/package.json not in flight; writing
16 verbose afterAdd /Users/gochinj/.npm/noinfopath-forms/0.0.8/package/package.json written
17 silly publish { name: 'noinfopath-forms',
17 silly publish   version: '0.0.8',
17 silly publish   description: 'noinfopath forms module',
17 silly publish   main: 'src/forms.js',
17 silly publish   scripts: { test: 'karma start' },
17 silly publish   repository:
17 silly publish    { type: 'git',
17 silly publish      url: 'http://gitlab.imginconline.com/noinfopath/noinfopath-forms.git' },
17 silly publish   author: { name: 'noinfopath' },
17 silly publish   license: 'MIT',
17 silly publish   devDependencies:
17 silly publish    { 'angular-mocks': '^1.3.8',
17 silly publish      grunt: '^0.4.5',
17 silly publish      'grunt-bumpup': '^0.6.2',
17 silly publish      'grunt-contrib-concat': '^0.5.1',
17 silly publish      'grunt-contrib-copy': '^0.7.0',
17 silly publish      'grunt-contrib-watch': '^0.6.1',
17 silly publish      'grunt-karma': '^0.10.1',
17 silly publish      'grunt-version': '^1.0.0',
17 silly publish      'jasmine-ajax': '^3.0.0',
17 silly publish      'jasmine-core': '^2.1.3',
17 silly publish      jsdoc: '^3.3.0-beta1',
17 silly publish      'jshint-stylish': '^1.0.1',
17 silly publish      karma: '^0.12.31',
17 silly publish      'karma-chrome-launcher': '^0.1.7',
17 silly publish      'karma-coverage': '^0.2.7',
17 silly publish      'karma-html-reporter': '^0.2.4',
17 silly publish      'karma-ie-launcher': '^0.1.5',
17 silly publish      'karma-jasmine': '^0.3.3',
17 silly publish      'karma-phantomjs-launcher': '^0.1.4',
17 silly publish      'karma-safari-launcher': '^0.1.1',
17 silly publish      'karma-verbose-reporter': '0.0.1',
17 silly publish      phantomjs: '^1.9.15' },
17 silly publish   dependencies: { angular: '^1.3.13', jquery: '^2.1.3' },
17 silly publish   readme: '[![Build Status](http://192.168.254.99:8081/job/noinfopath-forms/badge/icon)](http://192.168.254.99:8081/job/noinfopath-forms)\n![coverage](http://192.168.254.99:8082/jenkins/c/http/192.168.254.99:8081/job/noinfopath-forms)\n\n# **noinfopath-forms**\n\n## validate(el, field)\n\n### Params:\n\n* **object** *el* - Element.\n* **object** *field* - Element field.\n\n## resetErrors(el, field)\n\n### Params:\n\n* **object** *el* - Element.\n* **object** *field* - Element field.\n\n## blur(el, field)\n\n### Params:\n\n* **object** *el* - Element.\n* **object** *field* - Element field.\n\n## noinfopath.validation\nCombines the functionality of validation from bootstrap and angular.\n\n## noErrors\nWill alert the user if errors ocurred in each field.\n\n## noSubmit\nWhen user clicks submit, checks to make sure the data is appropriate and returns an error if not.\n\n## noReset\nWhen user clicks reset, form is reset to null state.',
17 silly publish   readmeFilename: 'README.md',
17 silly publish   gitHead: '68300b5116d7057886b8acc1ea972f95886b55e4',
17 silly publish   _id: 'noinfopath-forms@0.0.8',
17 silly publish   _shasum: '9e347aed90e788ea626d28aa82100db7a5f390be',
17 silly publish   _from: '.' }
18 silly mapToRegistry name noinfopath-forms
19 silly mapToRegistry using default registry
20 silly mapToRegistry registry https://registry.npmjs.org/
21 silly mapToRegistry uri https://registry.npmjs.org/noinfopath-forms
22 verbose publish registryBase https://registry.npmjs.org/
23 silly publish uploading /Users/gochinj/.npm/noinfopath-forms/0.0.8/package.tgz
24 verbose request uri https://registry.npmjs.org/noinfopath-forms
25 verbose request sending authorization for write operation
26 info attempt registry request try #1 at 6:06:26 PM
27 verbose request id 9ddf99a50fe9ea52
28 http request PUT https://registry.npmjs.org/noinfopath-forms
29 http 403 https://registry.npmjs.org/noinfopath-forms
30 verbose headers { 'content-type': 'application/json',
30 verbose headers   'cache-control': 'max-age=60',
30 verbose headers   'content-length': '95',
30 verbose headers   'accept-ranges': 'bytes',
30 verbose headers   date: 'Sun, 31 May 2015 22:06:27 GMT',
30 verbose headers   via: '1.1 varnish',
30 verbose headers   connection: 'keep-alive',
30 verbose headers   'x-served-by': 'cache-jfk1027-JFK',
30 verbose headers   'x-cache': 'MISS',
30 verbose headers   'x-cache-hits': '0',
30 verbose headers   'x-timer': 'S1433109986.716205,VS0,VE382' }
31 verbose request invalidating /Users/gochinj/.npm/registry.npmjs.org/noinfopath-forms on PUT
32 error publish Failed PUT 403
33 verbose stack Error: "You cannot publish over the previously published version 0.0.8." : noinfopath-forms
33 verbose stack     at CachingRegistryClient.<anonymous> (/usr/local/lib/node_modules/npm/node_modules/npm-registry-client/lib/request.js:254:14)
33 verbose stack     at Request._callback (/usr/local/lib/node_modules/npm/node_modules/npm-registry-client/lib/request.js:178:14)
33 verbose stack     at Request.self.callback (/usr/local/lib/node_modules/npm/node_modules/request/request.js:344:22)
33 verbose stack     at Request.emit (events.js:110:17)
33 verbose stack     at Request.<anonymous> (/usr/local/lib/node_modules/npm/node_modules/request/request.js:1239:14)
33 verbose stack     at Request.emit (events.js:129:20)
33 verbose stack     at IncomingMessage.<anonymous> (/usr/local/lib/node_modules/npm/node_modules/request/request.js:1187:12)
33 verbose stack     at IncomingMessage.emit (events.js:129:20)
33 verbose stack     at _stream_readable.js:908:16
33 verbose stack     at process._tickCallback (node.js:355:11)
34 verbose statusCode 403
35 verbose pkgid noinfopath-forms
36 verbose cwd /Users/gochinj/ws/noinfopath/noinfopath-forms
37 error Darwin 14.3.0
38 error argv "node" "/usr/local/bin/npm" "publish"
39 error node v0.12.0
40 error npm  v2.5.1
41 error code E403
42 error "You cannot publish over the previously published version 0.0.8." : noinfopath-forms
43 error If you need help, you may report this error at:
43 error     <http://github.com/npm/npm/issues>
44 verbose exit [ 1, true ]
